<?xml version="1.0" encoding="UTF-8"?>
<testsuite xmlns:xsi="http://www.w3.org/2001/XMLSchema-instance" xsi:noNamespaceSchemaLocation="https://maven.apache.org/surefire/maven-surefire-plugin/xsd/surefire-test-report-3.0.xsd" version="3.0" name="com.library.repository.AuthorRepositoryTest" time="1.55" tests="6" errors="0" skipped="0" failures="0">
  <properties>
[...]
</properties>
  <testcase name="testFindByNationality" classname="com.library.repository.AuthorRepositoryTest" time="0.327">
    <system-out><![CDATA[16:12:04.320 [main] INFO org.springframework.test.context.support.AnnotationConfigContextLoaderUtils -- Could not detect default configuration classes for test class [com.library.repository.AuthorRepositoryTest]: AuthorRepositoryTest does not declare any static, non-private, non-final, nested classes annotated with @Configuration.
16:12:04.360 [main] INFO org.springframework.boot.test.context.SpringBootTestContextBootstrapper -- Found @SpringBootConfiguration com.library.LibraryApplication for test class com.library.repository.AuthorRepositoryTest

  .   ____          _            __ _ _
 /\\ / ___'_ __ _ _(_)_ __  __ _ \ \ \ \
( ( )\___ | '_ | '_| | '_ \/ _` | \ \ \ \
 \\/  ___)| |_)| | | | | || (_| |  ) ) ) )
  '  |____| .__|_| |_|_| |_\__, | / / / /
 =========|_|==============|___/=/_/_/_/
 :: Spring Boot ::                (v3.2.0)

2026-05-01T16:12:04.465+05:30  INFO 45256 --- [           main] c.l.repository.AuthorRepositoryTest      : Starting AuthorRepositoryTest using Java 17.0.19 with PID 45256 (started by avinashreddy in /Users/avinashreddy/Downloads/library-app)
2026-05-01T16:12:04.465+05:30  INFO 45256 --- [           main] c.l.repository.AuthorRepositoryTest      : No active profile set, falling back to 1 default profile: "default"
2026-05-01T16:12:04.581+05:30  INFO 45256 --- [           main] .s.d.r.c.RepositoryConfigurationDelegate : Bootstrapping Spring Data JPA repositories in DEFAULT mode.
2026-05-01T16:12:04.598+05:30  INFO 45256 --- [           main] .s.d.r.c.RepositoryConfigurationDelegate : Finished Spring Data repository scanning in 14 ms. Found 2 JPA repository interfaces.
2026-05-01T16:12:04.613+05:30  INFO 45256 --- [           main] beddedDataSourceBeanFactoryPostProcessor : Replacing 'dataSource' DataSource bean with embedded version
2026-05-01T16:12:04.662+05:30  INFO 45256 --- [           main] o.s.j.d.e.EmbeddedDatabaseFactory        : Starting embedded database: url='jdbc:h2:mem:3d4d6181-dbe7-4aa3-b0b0-fb8a6cf511dd;DB_CLOSE_DELAY=-1;DB_CLOSE_ON_EXIT=false', username='sa'
2026-05-01T16:12:04.751+05:30  INFO 45256 --- [           main] o.hibernate.jpa.internal.util.LogHelper  : HHH000204: Processing PersistenceUnitInfo [name: default]
2026-05-01T16:12:04.766+05:30  INFO 45256 --- [           main] org.hibernate.Version                    : HHH000412: Hibernate ORM core version 6.3.1.Final
2026-05-01T16:12:04.777+05:30  INFO 45256 --- [           main] o.h.c.internal.RegionFactoryInitiator    : HHH000026: Second-level cache disabled
2026-05-01T16:12:04.848+05:30  INFO 45256 --- [           main] o.s.o.j.p.SpringPersistenceUnitInfo      : No LoadTimeWeaver setup: ignoring JPA class transformer
2026-05-01T16:12:04.861+05:30  WARN 45256 --- [           main] org.hibernate.orm.deprecation            : HHH90000025: H2Dialect does not need to be specified explicitly using 'hibernate.dialect' (remove the property setting and it will be selected by default)
2026-05-01T16:12:05.126+05:30  INFO 45256 --- [           main] o.h.e.t.j.p.i.JtaPlatformInitiator       : HHH000489: No JTA platform available (set 'hibernate.transaction.jta.platform' to enable JTA platform integration)
Hibernate: 
    drop table if exists authors cascade 
Hibernate: 
    drop table if exists books cascade 
Hibernate: 
    create table authors (
        birth_year integer,
        id bigint generated by default as identity,
        biography varchar(500),
        name varchar(255) not null,
        nationality varchar(255),
        primary key (id)
    )
Hibernate: 
    create table books (
        price numeric(8,2),
        published_year integer,
        author_id bigint not null,
        id bigint generated by default as identity,
        genre varchar(255),
        isbn varchar(255) not null unique,
        title varchar(255) not null,
        primary key (id)
    )
Hibernate: 
    alter table if exists books 
       add constraint FKfjixh2vym2cvfj3ufxj91jem7 
       foreign key (author_id) 
       references authors
2026-05-01T16:12:05.145+05:30  INFO 45256 --- [           main] j.LocalContainerEntityManagerFactoryBean : Initialized JPA EntityManagerFactory for persistence unit 'default'
2026-05-01T16:12:05.255+05:30  INFO 45256 --- [           main] o.s.d.j.r.query.QueryEnhancerFactory     : Hibernate is in classpath; If applicable, HQL parser will be used.
2026-05-01T16:12:05.443+05:30  INFO 45256 --- [           main] c.l.repository.AuthorRepositoryTest      : Started AuthorRepositoryTest in 1.064 seconds (process running for 1.376)
Hibernate: 
    select
        b1_0.id,
        b1_0.author_id,
        b1_0.genre,
        b1_0.isbn,
        b1_0.price,
        b1_0.published_year,
        b1_0.title 
    from
        books b1_0
Hibernate: 
    select
        a1_0.id,
        a1_0.biography,
        a1_0.birth_year,
        a1_0.name,
        a1_0.nationality 
    from
        authors a1_0
Hibernate: 
    insert 
    into
        authors
        (biography, birth_year, name, nationality, id) 
    values
        (?, ?, ?, ?, default)
Hibernate: 
    insert 
    into
        authors
        (biography, birth_year, name, nationality, id) 
    values
        (?, ?, ?, ?, default)
Hibernate: 
    select
        a1_0.id,
        a1_0.biography,
        a1_0.birth_year,
        a1_0.name,
        a1_0.nationality 
    from
        authors a1_0 
    where
        a1_0.nationality=?
]]></system-out>
  </testcase>
  <testcase name="testFindByNameIgnoreCase" classname="com.library.repository.AuthorRepositoryTest" time="0.008">
    <system-out><![CDATA[Hibernate: 
    select
        b1_0.id,
        b1_0.author_id,
        b1_0.genre,
        b1_0.isbn,
        b1_0.price,
        b1_0.published_year,
        b1_0.title 
    from
        books b1_0
Hibernate: 
    select
        a1_0.id,
        a1_0.biography,
        a1_0.birth_year,
        a1_0.name,
        a1_0.nationality 
    from
        authors a1_0
Hibernate: 
    insert 
    into
        authors
        (biography, birth_year, name, nationality, id) 
    values
        (?, ?, ?, ?, default)
Hibernate: 
    select
        a1_0.id,
        a1_0.biography,
        a1_0.birth_year,
        a1_0.name,
        a1_0.nationality 
    from
        authors a1_0 
    where
        upper(a1_0.name)=upper(?)
]]></system-out>
  </testcase>
  <testcase name="testFindAuthorsWithBooks" classname="com.library.repository.AuthorRepositoryTest" time="0.012">
    <system-out><![CDATA[Hibernate: 
    select
        b1_0.id,
        b1_0.author_id,
        b1_0.genre,
        b1_0.isbn,
        b1_0.price,
        b1_0.published_year,
        b1_0.title 
    from
        books b1_0
Hibernate: 
    select
        a1_0.id,
        a1_0.biography,
        a1_0.birth_year,
        a1_0.name,
        a1_0.nationality 
    from
        authors a1_0
Hibernate: 
    insert 
    into
        authors
        (biography, birth_year, name, nationality, id) 
    values
        (?, ?, ?, ?, default)
Hibernate: 
    insert 
    into
        authors
        (biography, birth_year, name, nationality, id) 
    values
        (?, ?, ?, ?, default)
Hibernate: 
    insert 
    into
        books
        (author_id, genre, isbn, price, published_year, title, id) 
    values
        (?, ?, ?, ?, ?, ?, default)
Hibernate: 
    select
        distinct a1_0.id,
        a1_0.biography,
        a1_0.birth_year,
        a1_0.name,
        a1_0.nationality 
    from
        authors a1_0 
    join
        books b1_0 
            on a1_0.id=b1_0.author_id
]]></system-out>
  </testcase>
  <testcase name="testDeleteAuthor" classname="com.library.repository.AuthorRepositoryTest" time="0.007">
    <system-out><![CDATA[Hibernate: 
    select
        b1_0.id,
        b1_0.author_id,
        b1_0.genre,
        b1_0.isbn,
        b1_0.price,
        b1_0.published_year,
        b1_0.title 
    from
        books b1_0
Hibernate: 
    select
        a1_0.id,
        a1_0.biography,
        a1_0.birth_year,
        a1_0.name,
        a1_0.nationality 
    from
        authors a1_0
Hibernate: 
    insert 
    into
        authors
        (biography, birth_year, name, nationality, id) 
    values
        (?, ?, ?, ?, default)
]]></system-out>
  </testcase>
  <testcase name="testExistsByName" classname="com.library.repository.AuthorRepositoryTest" time="0.006">
    <system-out><![CDATA[Hibernate: 
    select
        b1_0.id,
        b1_0.author_id,
        b1_0.genre,
        b1_0.isbn,
        b1_0.price,
        b1_0.published_year,
        b1_0.title 
    from
        books b1_0
Hibernate: 
    select
        a1_0.id,
        a1_0.biography,
        a1_0.birth_year,
        a1_0.name,
        a1_0.nationality 
    from
        authors a1_0
Hibernate: 
    insert 
    into
        authors
        (biography, birth_year, name, nationality, id) 
    values
        (?, ?, ?, ?, default)
Hibernate: 
    select
        a1_0.id 
    from
        authors a1_0 
    where
        upper(a1_0.name)=upper(?) 
    fetch
        first ? rows only
Hibernate: 
    select
        a1_0.id 
    from
        authors a1_0 
    where
        upper(a1_0.name)=upper(?) 
    fetch
        first ? rows only
]]></system-out>
  </testcase>
  <testcase name="testSaveAndFindById" classname="com.library.repository.AuthorRepositoryTest" time="0.004">
    <system-out><![CDATA[Hibernate: 
    select
        b1_0.id,
        b1_0.author_id,
        b1_0.genre,
        b1_0.isbn,
        b1_0.price,
        b1_0.published_year,
        b1_0.title 
    from
        books b1_0
Hibernate: 
    select
        a1_0.id,
        a1_0.biography,
        a1_0.birth_year,
        a1_0.name,
        a1_0.nationality 
    from
        authors a1_0
Hibernate: 
    insert 
    into
        authors
        (biography, birth_year, name, nationality, id) 
    values
        (?, ?, ?, ?, default)
]]></system-out>
  </testcase>
</testsuite>